Estoy en pk=1
PK: pk1f =5 pk1c=96 myPk1f=108 myPk1c=154
Estoy en pk=2
PK: pk2f =3 pk2c=96 myPk2f=108 myPk2c=156
Estoy en pk=2
PK: pk2f =3 pk2c=96 myPk2f=108 myPk2c=156
Recojo 4 y lo activo a 4
Estoy en pk=2
PK: pk2f =15 pk2c=81 myPk2f=93 myPk2c=144
Roto el mapa

giros=3
Mapa rotado 270 º
Tengo un obstaculo enfrente
Recojo 8 y lo activo a 8
Tengo un obstaculo enfrente
Entrego el lingote de oro.
Tengo un obstaculo enfrente
Entrego el algoritmo.
Recojo zapatillas
Encuentra zapatillas ñike corté
Recojo 5 y lo activo a 5
Se equipa zapatillas
Se equipa zapatillas
Tengo un obstaculo enfrente
Tengo un obstaculo enfrente
Tengo un obstaculo enfrente
Recojo 4 y lo activo a 4
Se equipa zapatillas
Se equipa zapatillas
Se equipa zapatillas
Se equipa zapatillas
Tengo un obstaculo enfrente
Encuentra bañador de flores
Cojo bañador.
Encuentra bañador de flores
Se equipa zapatillas
Se equipa zapatillas
Se equipa zapatillas
Se equipa zapatillas
Se equipa zapatillas
Se equipa zapatillas
Se equipa Bañador
Se equipa Bañador
Se equipa zapatillas
Se equipa zapatillas
Se equipa zapatillas
Se equipa zapatillas
Se equipa zapatillas
Se equipa zapatillas
Se equipa Bañador
Se equipa Bañador
Se equipa zapatillas
Se equipa zapatillas
Se equipa zapatillas
Se equipa zapatillas
Se equipa zapatillas
Se equipa zapatillas
Se equipa Bañador
Se equipa Bañador
Se equipa zapatillas
Se equipa zapatillas
Se equipa zapatillas
Se equipa zapatillas
Se equipa zapatillas
Se equipa zapatillas
Se equipa Bañador
Se equipa Bañador
Se equipa zapatillas
Se equipa zapatillas
Se equipa zapatillas
Se equipa zapatillas
Se equipa zapatillas
Se equipa zapatillas
Se equipa Bañador
Se equipa Bañador
Se equipa zapatillas
Se equipa zapatillas
Se equipa zapatillas
Se equipa zapatillas
Se equipa zapatillas
Se equipa zapatillas
Se equipa Bañador
Se equipa Bañador
Se equipa zapatillas
Se equipa zapatillas
Se equipa zapatillas
Se equipa zapatillas
Se equipa zapatillas
Se equipa zapatillas
Se equipa Bañador
Se equipa Bañador
Se equipa zapatillas
Se equipa zapatillas
Se equipa zapatillas
Se equipa zapatillas
Se equipa zapatillas
Se equipa zapatillas
Se equipa Bañador
Se equipa Bañador
Se equipa zapatillas
Se equipa zapatillas
Se equipa zapatillas
Se equipa zapatillas
Se equipa zapatillas
Se equipa zapatillas
Se equipa Bañador
Se equipa Bañador
Se equipa zapatillas
Se equipa zapatillas
Se equipa zapatillas
Se equipa zapatillas
Se equipa zapatillas
Se equipa zapatillas
Se equipa Bañador
Se equipa Bañador
Se equipa zapatillas
Se equipa zapatillas
Se equipa zapatillas
Se equipa zapatillas
Se equipa zapatillas
Se equipa zapatillas
Se equipa Bañador
Se equipa Bañador
Se equipa zapatillas
Se equipa zapatillas
Se equipa zapatillas
Se equipa zapatillas
Se equipa zapatillas
Se equipa zapatillas
Se equipa Bañador
Se equipa Bañador
Se equipa zapatillas
Se equipa zapatillas
Se equipa zapatillas
Se equipa zapatillas
Se equipa zapatillas
Se equipa zapatillas
Se equipa Bañador
Se equipa Bañador
Se equipa zapatillas
Se equipa zapatillas
Se equipa zapatillas
Se equipa zapatillas
Se equipa zapatillas
Se equipa zapatillas
Se equipa Bañador
Se equipa Bañador
Se equipa zapatillas
Se equipa zapatillas
Se equipa zapatillas
Se equipa zapatillas
Se equipa zapatillas
Se equipa zapatillas
Se equipa Bañador
Se equipa Bañador
Se equipa zapatillas
Se equipa zapatillas
Se equipa zapatillas
Se equipa zapatillas
Se equipa zapatillas
Se equipa zapatillas
Entrego el lingote de oro.
Entrego el Oscar.
Se equipa zapatillas
Se equipa Bañador
Se equipa Bañador
Se equipa zapatillas
Se equipa zapatillas
Se equipa Bañador
Se equipa Bañador
Se equipa zapatillas
Se equipa zapatillas
Se equipa Bañador
Se equipa Bañador
Se equipa zapatillas
Se equipa zapatillas
Se equipa Bañador
Se equipa Bañador
Se equipa zapatillas
Se equipa zapatillas
Se equipa Bañador
Se equipa Bañador
Se equipa zapatillas
Se equipa zapatillas
Se equipa Bañador
Se equipa Bañador
Se equipa zapatillas
Se equipa zapatillas
Se equipa Bañador
Se equipa Bañador
Se equipa zapatillas
Se equipa zapatillas
Se equipa Bañador
Se equipa Bañador
Se equipa zapatillas
Se equipa zapatillas
Se equipa Bañador
Se equipa Bañador
Se equipa zapatillas
Se equipa zapatillas
Se equipa Bañador
Se equipa Bañador
Se equipa zapatillas
Se equipa zapatillas
Se equipa Bañador
Se equipa Bañador
Se equipa zapatillas
Se equipa zapatillas
Se equipa Bañador
Se equipa Bañador
Se equipa zapatillas
Se equipa zapatillas
Se equipa Bañador
Se equipa Bañador
Se equipa zapatillas
Se equipa zapatillas
Se equipa Bañador
Se equipa Bañador
Se equipa zapatillas
Se equipa zapatillas
Se equipa Bañador
Se equipa Bañador
Se equipa zapatillas
Se equipa zapatillas
Se equipa Bañador
Se equipa Bañador
Se equipa zapatillas
Se equipa zapatillas
Se equipa Bañador
Se equipa Bañador
Se equipa zapatillas
Se equipa zapatillas
Se equipa Bañador
Se equipa Bañador
Se equipa zapatillas
Se equipa zapatillas
Se equipa Bañador
Se equipa Bañador
Se equipa zapatillas
Se equipa zapatillas
Se equipa Bañador
Se equipa Bañador
Se equipa zapatillas
Se equipa zapatillas
Se equipa Bañador
Se equipa Bañador
Se equipa zapatillas
Se equipa zapatillas
Se equipa Bañador
Se equipa Bañador
Se equipa zapatillas
Se equipa zapatillas
Se equipa Bañador
Se equipa Bañador
Se equipa zapatillas
Se equipa zapatillas
Se equipa Bañador
Se equipa Bañador
Se equipa zapatillas
Se equipa zapatillas
Se equipa Bañador
Se equipa Bañador
Se equipa zapatillas
Se equipa zapatillas
Se equipa Bañador
Se equipa Bañador
Se equipa zapatillas
Se equipa zapatillas
Se equipa Bañador
Se equipa Bañador
Se equipa zapatillas
Se equipa zapatillas
Se equipa Bañador
Se equipa Bañador
Se equipa zapatillas
Se equipa zapatillas
Se equipa Bañador
Se equipa Bañador
Se equipa zapatillas
Se equipa zapatillas
Se equipa Bañador
Se equipa Bañador
Se equipa zapatillas
Se equipa zapatillas
Se equipa Bañador
Se equipa Bañador
Se equipa zapatillas
Se equipa zapatillas
Se equipa Bañador
Se equipa Bañador
Se equipa zapatillas
Se equipa zapatillas
Se equipa Bañador
Se equipa Bañador
Se equipa zapatillas
Se equipa zapatillas
Se equipa Bañador
Se equipa Bañador
Se equipa zapatillas
Se equipa zapatillas
Recojo 8 y lo activo a 8
Recojo 4 y lo activo a 4
Se equipa Bañador
Se equipa Bañador
Se equipa zapatillas
Se equipa zapatillas
Se equipa Bañador
Se equipa Bañador
Se equipa Bañador
Se equipa Bañador
Se equipa Bañador
Se equipa Bañador
Se equipa zapatillas
Se equipa zapatillas
Se equipa Bañador
Se equipa Bañador
Se equipa Bañador
Se equipa Bañador
Se equipa Bañador
Se equipa Bañador
Se equipa zapatillas
Se equipa zapatillas
Se equipa Bañador
Se equipa Bañador
Se equipa Bañador
Se equipa Bañador
Se equipa Bañador
Se equipa Bañador
Se equipa zapatillas
Se equipa zapatillas
Se equipa Bañador
Se equipa Bañador
Se equipa Bañador
Se equipa Bañador
Se equipa Bañador
Se equipa Bañador
Se equipa zapatillas
Se equipa zapatillas
Se equipa Bañador
Se equipa Bañador
Se equipa Bañador
Se equipa Bañador
Se equipa Bañador
Se equipa Bañador
Se equipa zapatillas
Se equipa zapatillas
Se equipa Bañador
Se equipa Bañador
Se equipa Bañador
Se equipa Bañador
Se equipa Bañador
Se equipa Bañador
Se equipa zapatillas
Se equipa zapatillas
Se equipa Bañador
Se equipa Bañador
Se equipa Bañador
Se equipa Bañador
Se equipa Bañador
Se equipa Bañador
Se equipa zapatillas
Se equipa zapatillas
Se equipa Bañador
Se equipa Bañador
Se equipa Bañador
Se equipa Bañador
Se equipa Bañador
Se equipa Bañador
Se equipa zapatillas
Se equipa zapatillas
Se equipa Bañador
Se equipa Bañador
Se equipa Bañador
Se equipa Bañador
Se equipa Bañador
Se equipa Bañador
Estoy en pk=1
PK: pk1f =5 pk1c=96 myPk1f=102 myPk1c=181
Estoy en pk=2
PK: pk2f =3 pk2c=96 myPk2f=102 myPk2c=183
Estoy en pk=2
PK: pk2f =3 pk2c=96 myPk2f=102 myPk2c=183
Recojo 4 y lo activo a 4
Estoy en pk=2
PK: pk2f =15 pk2c=81 myPk2f=87 myPk2c=171
Roto el mapa

giros=3
Mapa rotado 270 º
Tengo un obstaculo enfrente
Tengo un obstaculo enfrente
Encuentra bañador de flores
Cojo bañador.
Encuentra bañador de flores
Tengo un obstaculo enfrente
Tengo un obstaculo enfrente
Recojo 5 y lo activo a 5
Se equipa Bañador
Se equipa Bañador
Se equipa Bañador
Se equipa Bañador
Tengo un obstaculo enfrente
Tengo un obstaculo enfrente
Entrego el lingote de oro.
Entrego el Oscar.
Se equipa Bañador
Tengo un obstaculo enfrente
Tengo un obstaculo enfrente
Tengo un obstaculo enfrente
Encuentra zapatillas ñike corté
Recojo zapatillas
Encuentra zapatillas ñike corté
Se equipa Bañador
Se equipa Bañador
Se equipa zapatillas
Se equipa zapatillas
Se equipa Bañador
Se equipa Bañador
Se equipa zapatillas
Se equipa zapatillas
Se equipa Bañador
Se equipa Bañador
Se equipa zapatillas
Se equipa zapatillas
Se equipa Bañador
Se equipa Bañador
Se equipa zapatillas
Se equipa zapatillas
Se equipa Bañador
Se equipa Bañador
Se equipa zapatillas
Se equipa zapatillas
Se equipa Bañador
Se equipa Bañador
Se equipa zapatillas
Se equipa zapatillas
Se equipa Bañador
Se equipa Bañador
Se equipa zapatillas
Se equipa zapatillas
Se equipa Bañador
Se equipa Bañador
Se equipa zapatillas
Se equipa zapatillas
Se equipa Bañador
Se equipa Bañador
Se equipa zapatillas
Se equipa zapatillas
Se equipa Bañador
Se equipa Bañador
Se equipa zapatillas
Se equipa zapatillas
Se equipa Bañador
Se equipa Bañador
Se equipa zapatillas
Se equipa zapatillas
Se equipa Bañador
Se equipa Bañador
Se equipa zapatillas
Se equipa zapatillas
Se equipa Bañador
Se equipa Bañador
Se equipa zapatillas
Se equipa zapatillas
Se equipa Bañador
Se equipa Bañador
Se equipa zapatillas
Se equipa zapatillas
Se equipa Bañador
Se equipa Bañador
Se equipa zapatillas
Se equipa zapatillas
Se equipa Bañador
Se equipa Bañador
Se equipa zapatillas
Se equipa zapatillas
Se equipa Bañador
Se equipa Bañador
Se equipa zapatillas
Se equipa zapatillas
Se equipa Bañador
Se equipa Bañador
Se equipa zapatillas
Se equipa zapatillas
Se equipa Bañador
Se equipa Bañador
Se equipa zapatillas
Se equipa zapatillas
Se equipa Bañador
Se equipa Bañador
Se equipa zapatillas
Se equipa zapatillas
Se equipa Bañador
Se equipa Bañador
Se equipa zapatillas
Se equipa zapatillas
Se equipa Bañador
Se equipa Bañador
Se equipa zapatillas
Se equipa zapatillas
Se equipa Bañador
Se equipa Bañador
Se equipa zapatillas
Se equipa zapatillas
Se equipa Bañador
Se equipa Bañador
Se equipa zapatillas
Se equipa zapatillas
Se equipa Bañador
Se equipa Bañador
Se equipa zapatillas
Se equipa zapatillas
Se equipa Bañador
Se equipa Bañador
Se equipa zapatillas
Se equipa zapatillas
Se equipa Bañador
Se equipa Bañador
Se equipa zapatillas
Se equipa zapatillas
Se equipa Bañador
Se equipa Bañador
Se equipa zapatillas
Se equipa zapatillas
Se equipa Bañador
Se equipa Bañador
Se equipa zapatillas
Se equipa zapatillas
Se equipa Bañador
Se equipa Bañador
Se equipa zapatillas
Se equipa zapatillas
Se equipa Bañador
Se equipa Bañador
Se equipa zapatillas
Se equipa zapatillas
Se equipa Bañador
Se equipa Bañador
Se equipa zapatillas
Se equipa zapatillas
Se equipa Bañador
Se equipa Bañador
Se equipa zapatillas
Se equipa zapatillas
Se equipa Bañador
Se equipa Bañador
Se equipa zapatillas
Se equipa zapatillas
Se equipa Bañador
Se equipa Bañador
Se equipa zapatillas
Se equipa zapatillas
Se equipa Bañador
Se equipa Bañador
Se equipa zapatillas
Se equipa zapatillas
Se equipa Bañador
Se equipa Bañador
Se equipa zapatillas
Se equipa zapatillas
Se equipa Bañador
Se equipa Bañador
Se equipa zapatillas
Se equipa zapatillas
Se equipa Bañador
Se equipa Bañador
Se equipa zapatillas
Se equipa zapatillas
Se equipa Bañador
Se equipa Bañador
Se equipa zapatillas
Se equipa zapatillas
Se equipa Bañador
Se equipa Bañador
Se equipa zapatillas
Se equipa zapatillas
Se equipa Bañador
Se equipa Bañador
Se equipa zapatillas
Se equipa zapatillas
Recojo 9 y lo activo a 9
Se equipa zapatillas
Se equipa zapatillas
Se equipa zapatillas
Se equipa zapatillas
Se equipa Bañador
Se equipa Bañador
Se equipa Bañador
Se equipa Bañador
Se equipa zapatillas
Se equipa zapatillas
Se equipa Bañador
Se equipa Bañador
Se equipa Bañador
Se equipa Bañador
Se equipa zapatillas
Se equipa zapatillas
Se equipa Bañador
Se equipa Bañador
Se equipa Bañador
Se equipa Bañador
Se equipa zapatillas
Se equipa zapatillas
Se equipa Bañador
Se equipa Bañador
Se equipa Bañador
Se equipa Bañador
Se equipa zapatillas
Se equipa zapatillas
Se equipa Bañador
Se equipa Bañador
Se equipa Bañador
Se equipa Bañador
Se equipa zapatillas
Se equipa zapatillas
Se equipa Bañador
Se equipa Bañador
Se equipa Bañador
Se equipa Bañador
Recojo 8 y lo activo a 8
Se equipa zapatillas
Se equipa zapatillas
Se equipa Bañador
Se equipa Bañador
Se equipa Bañador
Se equipa Bañador
Se equipa zapatillas
Se equipa zapatillas
Se equipa zapatillas
Se equipa zapatillas
Se equipa Bañador
Se equipa Bañador
Se equipa Bañador
Se equipa Bañador
Se equipa zapatillas
Se equipa zapatillas
Se equipa zapatillas
Se equipa zapatillas
Se equipa Bañador
Se equipa Bañador
Se equipa Bañador
Se equipa Bañador
Se equipa zapatillas
Se equipa zapatillas
Se equipa zapatillas
Se equipa zapatillas
Se equipa Bañador
Se equipa Bañador
Se equipa Bañador
Se equipa Bañador
Se equipa zapatillas
Se equipa zapatillas
Se equipa zapatillas
Se equipa zapatillas
Se equipa Bañador
Se equipa Bañador
Se equipa Bañador
Se equipa Bañador
Se equipa zapatillas
Se equipa zapatillas
Se equipa zapatillas
Se equipa zapatillas
Se equipa Bañador
Se equipa Bañador
Se equipa Bañador
Se equipa Bañador
Se equipa zapatillas
Se equipa zapatillas
Se equipa zapatillas
Se equipa zapatillas
Se equipa Bañador
Se equipa Bañador
Se equipa Bañador
Se equipa Bañador
Se equipa zapatillas
Se equipa zapatillas
Se equipa zapatillas
Se equipa zapatillas
Se equipa Bañador
Se equipa Bañador
Se equipa Bañador
Se equipa Bañador
Se equipa zapatillas
Se equipa zapatillas
Se equipa zapatillas
Se equipa zapatillas
Se equipa Bañador
Se equipa Bañador
Se equipa Bañador
Se equipa Bañador
Se equipa zapatillas
Se equipa zapatillas
Se equipa zapatillas
Se equipa zapatillas
Se equipa Bañador
Se equipa Bañador
Se equipa Bañador
Se equipa Bañador
Se equipa zapatillas
Se equipa zapatillas
Se equipa zapatillas
Se equipa zapatillas
Se equipa Bañador
Se equipa Bañador
Se equipa Bañador
Se equipa Bañador
Se equipa zapatillas
Se equipa zapatillas
Se equipa zapatillas
Se equipa zapatillas
Se equipa Bañador
Se equipa Bañador
Se equipa Bañador
Se equipa Bañador
Se equipa zapatillas
Se equipa zapatillas
Se equipa zapatillas
Se equipa zapatillas
Se equipa Bañador
Se equipa Bañador
Se equipa Bañador
Se equipa Bañador
Se equipa zapatillas
Se equipa zapatillas
Se equipa zapatillas
Se equipa zapatillas
Se equipa Bañador
Se equipa Bañador
Se equipa Bañador
Se equipa Bañador
Se equipa zapatillas
Se equipa zapatillas
Se equipa zapatillas
Se equipa zapatillas
Se equipa Bañador
Se equipa Bañador
Se equipa Bañador
Se equipa Bañador
Se equipa zapatillas
Se equipa zapatillas
Se equipa zapatillas
Se equipa zapatillas
Se equipa Bañador
Se equipa Bañador
Se equipa Bañador
Se equipa Bañador
Se equipa zapatillas
Se equipa zapatillas
Se equipa zapatillas
Se equipa zapatillas
Se equipa Bañador
Se equipa Bañador
Se equipa Bañador
Se equipa Bañador
Se equipa zapatillas
Se equipa zapatillas
Se equipa zapatillas
Se equipa zapatillas
Se equipa Bañador
Se equipa Bañador
Se equipa Bañador
Se equipa Bañador
Se equipa zapatillas
Se equipa zapatillas
Se equipa zapatillas
Se equipa zapatillas
Se equipa Bañador
Se equipa Bañador
Se equipa Bañador
Se equipa Bañador
Se equipa zapatillas
Se equipa zapatillas
Se equipa zapatillas
Se equipa zapatillas
Se equipa Bañador
Se equipa Bañador
Se equipa Bañador
Se equipa Bañador
Se equipa zapatillas
Se equipa zapatillas
Se equipa zapatillas
Se equipa zapatillas
Se equipa Bañador
Se equipa Bañador
Se equipa Bañador
Se equipa Bañador
Se equipa zapatillas
Se equipa zapatillas
Se equipa zapatillas
Se equipa zapatillas
Se equipa Bañador
Se equipa Bañador
Se equipa Bañador
Se equipa Bañador
Se equipa zapatillas
Se equipa zapatillas
Se equipa zapatillas
Se equipa zapatillas
Se equipa Bañador
Se equipa Bañador
Se equipa Bañador
Se equipa Bañador
Se equipa zapatillas
Se equipa zapatillas
Se equipa zapatillas
Se equipa zapatillas
Se equipa Bañador
Se equipa Bañador
Se equipa Bañador
Se equipa Bañador
Se equipa zapatillas
Se equipa zapatillas
Se equipa zapatillas
Se equipa zapatillas
Se equipa Bañador
Se equipa Bañador
Se equipa Bañador
Se equipa Bañador
Se equipa zapatillas
Se equipa zapatillas
Se equipa zapatillas
Se equipa zapatillas
Se equipa Bañador
Se equipa Bañador
Se equipa Bañador
Se equipa Bañador
Se equipa zapatillas
Se equipa zapatillas
Se equipa zapatillas
Se equipa zapatillas
Se equipa Bañador
Se equipa Bañador
Se equipa Bañador
Se equipa Bañador
Se equipa zapatillas
Se equipa zapatillas
Se equipa zapatillas
Se equipa zapatillas
Entrego el algoritmo.
Se equipa Bañador
Se equipa Bañador
Se equipa Bañador
Se equipa Bañador
Se equipa Bañador
Se equipa zapatillas
Se equipa zapatillas
Se equipa Bañador
Se equipa Bañador
Se equipa Bañador
Se equipa Bañador
Se equipa zapatillas
Se equipa zapatillas
Recojo 4 y lo activo a 4
Se equipa zapatillas
Se equipa zapatillas
Se equipa zapatillas
Se equipa zapatillas
Se equipa zapatillas
Se equipa zapatillas
Se equipa Bañador
Se equipa Bañador
Se equipa Bañador
Se equipa Bañador
Se equipa Bañador
Se equipa Bañador
Se equipa zapatillas
Se equipa zapatillas
Se equipa Bañador
Se equipa Bañador
Se equipa Bañador
Se equipa Bañador
Se equipa Bañador
Se equipa Bañador
Se equipa zapatillas
Se equipa zapatillas
Se equipa Bañador
Se equipa Bañador
Se equipa Bañador
Se equipa Bañador
Se equipa Bañador
Se equipa Bañador
Se equipa zapatillas
Se equipa zapatillas
Se equipa Bañador
Se equipa Bañador
Se equipa Bañador
Se equipa Bañador
Se equipa Bañador
Se equipa Bañador
Se equipa zapatillas
Se equipa zapatillas
Se equipa Bañador
Se equipa Bañador
Se equipa Bañador
Se equipa Bañador
Se equipa Bañador
Se equipa Bañador
Se equipa zapatillas
Se equipa zapatillas
Se equipa Bañador
Se equipa Bañador
Se equipa Bañador
Se equipa Bañador
Se equipa Bañador
Se equipa Bañador
Se equipa zapatillas
Se equipa zapatillas
Se equipa Bañador
Se equipa Bañador
Se equipa Bañador
Se equipa Bañador
Se equipa Bañador
Se equipa Bañador
Se equipa zapatillas
Se equipa zapatillas
Se equipa Bañador
Se equipa Bañador
Se equipa Bañador
Se equipa Bañador
Se equipa Bañador
Se equipa Bañador
Se equipa zapatillas
Se equipa zapatillas
Se equipa Bañador
Se equipa Bañador
Se equipa Bañador
Se equipa Bañador
Se equipa Bañador
Se equipa Bañador
Se equipa zapatillas
Se equipa zapatillas
Entrego el lingote de oro.
Se equipa zapatillas
Se equipa zapatillas
Se equipa zapatillas
Se equipa zapatillas
Se equipa zapatillas
Se equipa Bañador
Se equipa Bañador
Se equipa Bañador
Se equipa Bañador
Se equipa zapatillas
Se equipa zapatillas
Se equipa Bañador
Se equipa Bañador
Se equipa Bañador
Se equipa Bañador
Se equipa zapatillas
Se equipa zapatillas
Se equipa Bañador
Se equipa Bañador
Se equipa Bañador
Se equipa Bañador
Se equipa zapatillas
Se equipa zapatillas
Se equipa Bañador
Se equipa Bañador
Se equipa Bañador
Se equipa Bañador
Se equipa zapatillas
Se equipa zapatillas
Se equipa Bañador
Se equipa Bañador
Se equipa Bañador
Se equipa Bañador
Se equipa zapatillas
Se equipa zapatillas
Se equipa Bañador
Se equipa Bañador
Se equipa Bañador
Se equipa Bañador
Se equipa zapatillas
Se equipa zapatillas
Se equipa Bañador
Se equipa Bañador
Se equipa Bañador
Se equipa Bañador
Se equipa zapatillas
Se equipa zapatillas
Se equipa Bañador
Se equipa Bañador
Se equipa Bañador
Se equipa Bañador
Se equipa zapatillas
Se equipa zapatillas
Tengo un obstaculo enfrente
Estoy en pk=1
PK: pk1f =5 pk1c=96 myPk1f=9 myPk1c=146
Estoy en pk=2
PK: pk2f =3 pk2c=96 myPk2f=7 myPk2c=146
Estoy en pk=2
PK: pk2f =3 pk2c=96 myPk2f=7 myPk2c=146
Estoy en pk=2
PK: pk2f =15 pk2c=81 myPk2f=19 myPk2c=131
Roto el mapa
Tengo un obstaculo enfrente
Tengo un obstaculo enfrente
Recojo 5 y lo activo a 5
Tengo un obstaculo enfrente
Encuentra bañador de flores
Cojo bañador.
Encuentra bañador de flores
Entrego el Oscar.
Se equipa Bañador
Tengo un obstaculo enfrente
Tengo un obstaculo enfrente
Tengo un obstaculo enfrente
Tengo un obstaculo enfrente
Tengo un obstaculo enfrente
Tengo un obstaculo enfrente
Tengo un obstaculo enfrente
Tengo un obstaculo enfrente
Tengo un obstaculo enfrente
Tengo un obstaculo enfrente
Tengo un obstaculo enfrente
Tengo un obstaculo enfrente
Tengo un obstaculo enfrente
Tengo un obstaculo enfrente
Tengo un obstaculo enfrente
Tengo un obstaculo enfrente
Tengo un obstaculo enfrente
Recojo 4 y lo activo a 4
Encuentra zapatillas ñike corté
Recojo zapatillas
Encuentra zapatillas ñike corté
Se equipa Bañador
Se equipa Bañador
Se equipa zapatillas
Se equipa zapatillas
Se equipa zapatillas
Se equipa zapatillas
Se equipa Bañador
Se equipa Bañador
Se equipa zapatillas
Se equipa zapatillas
Se equipa zapatillas
Se equipa zapatillas
Se equipa Bañador
Se equipa Bañador
Se equipa zapatillas
Se equipa zapatillas
Se equipa zapatillas
Se equipa zapatillas
Se equipa Bañador
Se equipa Bañador
Se equipa zapatillas
Se equipa zapatillas
Se equipa zapatillas
Se equipa zapatillas
Se equipa Bañador
Se equipa Bañador
Se equipa zapatillas
Se equipa zapatillas
Se equipa zapatillas
Se equipa zapatillas
Se equipa Bañador
Se equipa Bañador
Se equipa zapatillas
Se equipa zapatillas
Se equipa zapatillas
Se equipa zapatillas
Se equipa Bañador
Se equipa Bañador
Se equipa zapatillas
Se equipa zapatillas
Se equipa zapatillas
Se equipa zapatillas
Se equipa Bañador
Se equipa Bañador
Se equipa zapatillas
Se equipa zapatillas
Se equipa zapatillas
Se equipa zapatillas
Se equipa Bañador
Se equipa Bañador
Se equipa zapatillas
Se equipa zapatillas
Se equipa zapatillas
Se equipa zapatillas
Se equipa Bañador
Se equipa Bañador
Se equipa zapatillas
Se equipa zapatillas
Se equipa zapatillas
Se equipa zapatillas
Se equipa Bañador
Se equipa Bañador
Se equipa zapatillas
Se equipa zapatillas
Se equipa zapatillas
Se equipa zapatillas
Se equipa Bañador
Se equipa Bañador
Se equipa zapatillas
Se equipa zapatillas
Se equipa zapatillas
Se equipa zapatillas
Se equipa Bañador
Se equipa Bañador
Se equipa zapatillas
Se equipa zapatillas
Se equipa zapatillas
Se equipa zapatillas
Se equipa Bañador
Se equipa Bañador
Se equipa zapatillas
Se equipa zapatillas
Se equipa zapatillas
Se equipa zapatillas
Se equipa Bañador
Se equipa Bañador
Se equipa zapatillas
Se equipa zapatillas
Se equipa zapatillas
Se equipa zapatillas
Se equipa Bañador
Se equipa Bañador
Se equipa zapatillas
Se equipa zapatillas
Se equipa zapatillas
Se equipa zapatillas
Se equipa Bañador
Se equipa Bañador
Se equipa zapatillas
Se equipa zapatillas
Se equipa zapatillas
Se equipa zapatillas
Se equipa Bañador
Se equipa Bañador
Se equipa zapatillas
Se equipa zapatillas
Se equipa zapatillas
Se equipa zapatillas
Se equipa Bañador
Se equipa Bañador
Se equipa zapatillas
Se equipa zapatillas
Se equipa zapatillas
Se equipa zapatillas
Se equipa Bañador
Se equipa Bañador
Se equipa zapatillas
Se equipa zapatillas
Se equipa zapatillas
Se equipa zapatillas
Se equipa Bañador
Se equipa Bañador
Se equipa zapatillas
Se equipa zapatillas
Se equipa zapatillas
Se equipa zapatillas
Se equipa Bañador
Se equipa Bañador
Se equipa zapatillas
Se equipa zapatillas
Se equipa zapatillas
Se equipa zapatillas
Se equipa Bañador
Se equipa Bañador
Se equipa zapatillas
Se equipa zapatillas
Se equipa zapatillas
Se equipa zapatillas
Se equipa Bañador
Se equipa Bañador
Recojo 5 y lo activo a 5
Se equipa zapatillas
Se equipa zapatillas
Se equipa zapatillas
Se equipa zapatillas
Se equipa Bañador
Se equipa Bañador
Se equipa zapatillas
Se equipa zapatillas
Se equipa zapatillas
Se equipa zapatillas
Se equipa zapatillas
Se equipa zapatillas
Se equipa Bañador
Se equipa Bañador
Se equipa zapatillas
Se equipa zapatillas
Se equipa zapatillas
Se equipa zapatillas
Se equipa zapatillas
Se equipa zapatillas
Se equipa Bañador
Se equipa Bañador
Se equipa zapatillas
Se equipa zapatillas
Se equipa zapatillas
Se equipa zapatillas
Se equipa zapatillas
Se equipa zapatillas
Se equipa Bañador
Se equipa Bañador
Se equipa zapatillas
Se equipa zapatillas
Se equipa zapatillas
Se equipa zapatillas
Se equipa zapatillas
Se equipa zapatillas
Se equipa Bañador
Se equipa Bañador
Se equipa zapatillas
Se equipa zapatillas
Se equipa zapatillas
Se equipa zapatillas
Se equipa zapatillas
Se equipa zapatillas
Se equipa Bañador
Se equipa Bañador
Se equipa zapatillas
Se equipa zapatillas
Se equipa zapatillas
Se equipa zapatillas
Se equipa zapatillas
Se equipa zapatillas
Se equipa Bañador
Se equipa Bañador
Se equipa zapatillas
Se equipa zapatillas
Se equipa zapatillas
Se equipa zapatillas
Se equipa zapatillas
Se equipa zapatillas
Se equipa Bañador
Se equipa Bañador
Se equipa zapatillas
Se equipa zapatillas
Se equipa zapatillas
Se equipa zapatillas
Se equipa zapatillas
Se equipa zapatillas
Se equipa Bañador
Se equipa Bañador
Se equipa zapatillas
Se equipa zapatillas
Se equipa zapatillas
Se equipa zapatillas
Se equipa zapatillas
Se equipa zapatillas
Se equipa Bañador
Se equipa Bañador
Se equipa zapatillas
Se equipa zapatillas
Se equipa zapatillas
Se equipa zapatillas
Se equipa zapatillas
Se equipa zapatillas
Se equipa Bañador
Se equipa Bañador
Se equipa zapatillas
Se equipa zapatillas
Se equipa zapatillas
Se equipa zapatillas
Se equipa zapatillas
Se equipa zapatillas
Se equipa Bañador
Se equipa Bañador
Se equipa zapatillas
Se equipa zapatillas
Se equipa zapatillas
Se equipa zapatillas
Se equipa zapatillas
Se equipa zapatillas
Se equipa Bañador
Se equipa Bañador
Se equipa zapatillas
Se equipa zapatillas
Se equipa zapatillas
Se equipa zapatillas
Se equipa zapatillas
Se equipa zapatillas
Se equipa Bañador
Se equipa Bañador
Se equipa zapatillas
Se equipa zapatillas
Se equipa zapatillas
Se equipa zapatillas
Se equipa zapatillas
Se equipa zapatillas
Se equipa Bañador
Se equipa Bañador
Se equipa zapatillas
Se equipa zapatillas
Se equipa zapatillas
Se equipa zapatillas
Se equipa zapatillas
Se equipa zapatillas
Se equipa Bañador
Se equipa Bañador
Se equipa zapatillas
Se equipa zapatillas
Se equipa zapatillas
Se equipa zapatillas
Se equipa zapatillas
Se equipa zapatillas
Se equipa Bañador
Se equipa Bañador
Se equipa zapatillas
Se equipa zapatillas
Se equipa zapatillas
Se equipa zapatillas
Se equipa zapatillas
Se equipa zapatillas
Se equipa Bañador
Se equipa Bañador
Se equipa zapatillas
Se equipa zapatillas
Se equipa zapatillas
Se equipa zapatillas
Se equipa zapatillas
Se equipa zapatillas
Se equipa Bañador
Se equipa Bañador
Se equipa zapatillas
Se equipa zapatillas
Se equipa zapatillas
Se equipa zapatillas
Se equipa zapatillas
Se equipa zapatillas
Se equipa Bañador
Se equipa Bañador
Se equipa zapatillas
Se equipa zapatillas
Se equipa zapatillas
Se equipa zapatillas
Se equipa zapatillas
Se equipa zapatillas
Se equipa Bañador
Se equipa Bañador
Se equipa zapatillas
Se equipa zapatillas
Se equipa zapatillas
Se equipa zapatillas
Se equipa zapatillas
Se equipa zapatillas
Se equipa Bañador
Se equipa Bañador
Se equipa zapatillas
Se equipa zapatillas
Se equipa zapatillas
Se equipa zapatillas
Se equipa zapatillas
Se equipa zapatillas
Se equipa Bañador
Se equipa Bañador
Entrego el lingote de oro.
Se equipa zapatillas
Se equipa Bañador
Se equipa Bañador
Se equipa zapatillas
Se equipa zapatillas
Se equipa zapatillas
Se equipa zapatillas
Se equipa Bañador
Se equipa Bañador
Se equipa zapatillas
Se equipa zapatillas
Se equipa zapatillas
Se equipa zapatillas
Se equipa Bañador
Se equipa Bañador
Se equipa zapatillas
Se equipa zapatillas
Se equipa zapatillas
Se equipa zapatillas
Se equipa Bañador
Se equipa Bañador
Se equipa zapatillas
Se equipa zapatillas
Se equipa zapatillas
Se equipa zapatillas
Se equipa Bañador
Se equipa Bañador
Se equipa zapatillas
Se equipa zapatillas
Se equipa zapatillas
Se equipa zapatillas
Se equipa Bañador
Se equipa Bañador
Se equipa zapatillas
Se equipa zapatillas
Se equipa zapatillas
Se equipa zapatillas
Se equipa Bañador
Se equipa Bañador
Se equipa zapatillas
Se equipa zapatillas
Se equipa zapatillas
Se equipa zapatillas
Se equipa Bañador
Se equipa Bañador
Se equipa zapatillas
Se equipa zapatillas
Se equipa zapatillas
Se equipa zapatillas
Se equipa Bañador
Se equipa Bañador
Se equipa zapatillas
Se equipa zapatillas
Se equipa zapatillas
Se equipa zapatillas
Se equipa Bañador
Se equipa Bañador
Se equipa zapatillas
Se equipa zapatillas
Se equipa zapatillas
Se equipa zapatillas
Se equipa Bañador
Se equipa Bañador
Se equipa zapatillas
Se equipa zapatillas
Se equipa zapatillas
Se equipa zapatillas
Se equipa Bañador
Se equipa Bañador
Se equipa zapatillas
Se equipa zapatillas
Se equipa zapatillas
Se equipa zapatillas
Recojo 4 y lo activo a 4
Se equipa zapatillas
Se equipa zapatillas
Se equipa zapatillas
Se equipa zapatillas
Se equipa zapatillas
Se equipa zapatillas
Se equipa Bañador
Se equipa Bañador
Se equipa Bañador
Se equipa Bañador
Se equipa zapatillas
Se equipa zapatillas
Se equipa zapatillas
Se equipa zapatillas
