Cojo bañador.
Encuentra bañador de flores
Estoy en pk=1
PK: pk1f =8 pk1c=4 myPk1f=95 myPk1c=103
Estoy en pk=2
PK: pk2f =25 pk2c=9 myPk2f=78 myPk2c=98
Roto el mapa

giros=2
Mapa rotado 180º
Recojo 8 y lo activo a 8
Tengo un obstaculo enfrente
Tengo un obstaculo enfrente
Encuentra zapatillas ñike corté
Recojo zapatillas
Encuentra zapatillas ñike corté
Se equipa Bañador
Se equipa Bañador
Se equipa zapatillas
Se equipa zapatillas
Se equipa zapatillas
Se equipa zapatillas
Se equipa Bañador
Se equipa Bañador
Se equipa zapatillas
Se equipa zapatillas
Se equipa zapatillas
Se equipa zapatillas
Se equipa Bañador
Se equipa Bañador
Entrego el algoritmo.
Se equipa Bañador
Se equipa Bañador
Se equipa Bañador
Se equipa zapatillas
Se equipa zapatillas
Recojo 4 y lo activo a 4
Se equipa zapatillas
Se equipa zapatillas
Se equipa zapatillas
Se equipa zapatillas
Se equipa Bañador
Se equipa Bañador
Se equipa Bañador
Se equipa Bañador
Se equipa zapatillas
Se equipa zapatillas
Se equipa Bañador
Se equipa Bañador
Se equipa Bañador
Se equipa Bañador
Se equipa zapatillas
Se equipa zapatillas
Se equipa Bañador
Se equipa Bañador
Se equipa Bañador
Se equipa Bañador
Se equipa zapatillas
Se equipa zapatillas
Se equipa Bañador
Se equipa Bañador
Se equipa Bañador
Se equipa Bañador
Se equipa zapatillas
Se equipa zapatillas
Se equipa Bañador
Se equipa Bañador
Se equipa Bañador
Se equipa Bañador
Se equipa zapatillas
Se equipa zapatillas
Se equipa Bañador
Se equipa Bañador
Se equipa Bañador
Se equipa Bañador
Se equipa zapatillas
Se equipa zapatillas
Se equipa Bañador
Se equipa Bañador
Se equipa Bañador
Se equipa Bañador
Se equipa zapatillas
Se equipa zapatillas
Se equipa Bañador
Se equipa Bañador
Se equipa Bañador
Se equipa Bañador
Se equipa zapatillas
Se equipa zapatillas
Se equipa Bañador
Se equipa Bañador
Se equipa Bañador
Se equipa Bañador
Se equipa zapatillas
Se equipa zapatillas
Se equipa Bañador
Se equipa Bañador
Se equipa Bañador
Se equipa Bañador
Se equipa zapatillas
Se equipa zapatillas
Se equipa Bañador
Se equipa Bañador
Se equipa Bañador
Se equipa Bañador
Entrego el lingote de oro.
Recojo 4 y lo activo a 4
Entrego el lingote de oro.
Se equipa Bañador
Se equipa zapatillas
Se equipa zapatillas
Recojo 8 y lo activo a 8
Recojo 4 y lo activo a 4
Tengo un obstaculo enfrente
Estoy en pk=1
PK: pk1f =25 pk1c=17 myPk1f=87 myPk1c=100
Tengo un obstaculo enfrente
Estoy en pk=2
PK: pk2f =0 pk2c=0 myPk2f=87 myPk2c=100
Estoy en pk=2
PK: pk2f =0 pk2c=0 myPk2f=87 myPk2c=100
Estoy en pk=2
PK: pk2f =25 pk2c=9 myPk2f=95 myPk2c=100
Recojo 4 y lo activo a 4
Estoy en pk=2
PK: pk2f =10 pk2c=18 myPk2f=86 myPk2c=85
Roto el mapa

giros=1
Mapa rotado 90º 
Tengo un obstaculo enfrente
Tengo un obstaculo enfrente
Recojo 5 y lo activo a 5
Encuentra bañador de flores
Cojo bañador.
Encuentra bañador de flores
Tengo un obstaculo enfrente
Tengo un obstaculo enfrente
Encuentra zapatillas ñike corté
Recojo zapatillas
Encuentra zapatillas ñike corté
Entrego el Oscar.
Recojo 9 y lo activo a 9
Se equipa Bañador
Se equipa Bañador
Se equipa zapatillas
Se equipa zapatillas
Se equipa Bañador
Se equipa Bañador
Se equipa Bañador
Se equipa Bañador
Se equipa Bañador
Se equipa Bañador
Se equipa zapatillas
Se equipa zapatillas
Se equipa Bañador
Se equipa Bañador
Se equipa Bañador
Se equipa Bañador
Se equipa Bañador
Se equipa Bañador
Se equipa zapatillas
Se equipa zapatillas
Se equipa Bañador
Se equipa Bañador
Se equipa Bañador
Se equipa Bañador
Se equipa Bañador
Se equipa Bañador
Se equipa zapatillas
Se equipa zapatillas
Se equipa Bañador
Se equipa Bañador
Se equipa Bañador
Se equipa Bañador
Se equipa Bañador
Se equipa Bañador
Se equipa zapatillas
Se equipa zapatillas
Se equipa Bañador
Se equipa Bañador
Se equipa Bañador
Se equipa Bañador
Se equipa Bañador
Se equipa Bañador
Se equipa zapatillas
Se equipa zapatillas
Se equipa Bañador
Se equipa Bañador
Se equipa Bañador
Se equipa Bañador
Se equipa Bañador
Se equipa Bañador
Se equipa zapatillas
Se equipa zapatillas
Se equipa Bañador
Se equipa Bañador
Se equipa Bañador
Se equipa Bañador
Se equipa Bañador
Se equipa Bañador
Se equipa zapatillas
Se equipa zapatillas
Se equipa Bañador
Se equipa Bañador
Se equipa Bañador
Se equipa Bañador
Se equipa Bañador
Se equipa Bañador
Se equipa zapatillas
Se equipa zapatillas
Se equipa Bañador
Se equipa Bañador
Se equipa Bañador
Se equipa Bañador
Se equipa Bañador
Se equipa Bañador
Se equipa zapatillas
Se equipa zapatillas
Se equipa Bañador
Se equipa Bañador
Se equipa Bañador
Se equipa Bañador
Se equipa Bañador
Se equipa Bañador
Se equipa zapatillas
Se equipa zapatillas
Se equipa Bañador
Se equipa Bañador
Se equipa Bañador
Se equipa Bañador
Se equipa Bañador
Se equipa Bañador
Se equipa zapatillas
Se equipa zapatillas
Entrego el algoritmo.
Recojo 9 y lo activo a 9
Entrego el algoritmo.
Recojo 5 y lo activo a 5
Se equipa Bañador
Se equipa Bañador
Se equipa zapatillas
Se equipa zapatillas
Se equipa Bañador
Se equipa Bañador
Se equipa Bañador
Se equipa Bañador
Se equipa Bañador
Se equipa Bañador
Se equipa zapatillas
Se equipa zapatillas
Estoy en pk=1
PK: pk1f =8 pk1c=4 myPk1f=100 myPk1c=99
Estoy en pk=2
PK: pk2f =10 pk2c=18 myPk2f=100 myPk2c=99
Tengo un obstaculo enfrente
Recojo 8 y lo activo a 8
Recojo 4 y lo activo a 4
Tengo un obstaculo enfrente
Tengo un obstaculo enfrente
Estoy en pk=2
PK: pk2f =10 pk2c=18 myPk2f=86 myPk2c=101
Roto el mapa

giros=1
Mapa rotado 90º 
Encuentra zapatillas ñike corté
Recojo zapatillas
Encuentra zapatillas ñike corté
Entrego el lingote de oro.
Entrego el algoritmo.
Recojo 9 y lo activo a 9
Encuentra bañador de flores
Cojo bañador.
Encuentra bañador de flores
Recojo 4 y lo activo a 4
Entrego el lingote de oro.
Entrego el algoritmo.
Se equipa zapatillas
Se equipa zapatillas
Se equipa zapatillas
Se equipa Bañador
Se equipa Bañador
Se equipa zapatillas
Se equipa zapatillas
Se equipa Bañador
Se equipa Bañador
Se equipa zapatillas
Se equipa zapatillas
Se equipa Bañador
Se equipa Bañador
Se equipa zapatillas
Se equipa zapatillas
Recojo 8 y lo activo a 8
Se equipa zapatillas
Se equipa zapatillas
Se equipa zapatillas
Se equipa zapatillas
Se equipa Bañador
Se equipa Bañador
Se equipa Bañador
Se equipa Bañador
Se equipa zapatillas
Se equipa zapatillas
Se equipa Bañador
Se equipa Bañador
Se equipa Bañador
Se equipa Bañador
Se equipa zapatillas
Se equipa zapatillas
Se equipa Bañador
Se equipa Bañador
Se equipa Bañador
Se equipa Bañador
Recojo 5 y lo activo a 5
Se equipa zapatillas
Se equipa zapatillas
Se equipa Bañador
Se equipa Bañador
Se equipa Bañador
Se equipa Bañador
Se equipa zapatillas
Se equipa zapatillas
Se equipa zapatillas
Se equipa zapatillas
Se equipa Bañador
Se equipa Bañador
Se equipa Bañador
Se equipa Bañador
Se equipa zapatillas
Se equipa zapatillas
Se equipa zapatillas
Se equipa zapatillas
Se equipa Bañador
Se equipa Bañador
Se equipa Bañador
Se equipa Bañador
Se equipa zapatillas
Se equipa zapatillas
Se equipa zapatillas
Se equipa zapatillas
Se equipa Bañador
Se equipa Bañador
Se equipa Bañador
Se equipa Bañador
Se equipa zapatillas
Se equipa zapatillas
Se equipa zapatillas
Se equipa zapatillas
Se equipa Bañador
Se equipa Bañador
Se equipa Bañador
Se equipa Bañador
Se equipa zapatillas
Se equipa zapatillas
Se equipa zapatillas
Se equipa zapatillas
Se equipa Bañador
Se equipa Bañador
Se equipa Bañador
Se equipa Bañador
Se equipa zapatillas
Se equipa zapatillas
Se equipa zapatillas
Se equipa zapatillas
Se equipa Bañador
Se equipa Bañador
Se equipa Bañador
Se equipa Bañador
Se equipa zapatillas
Se equipa zapatillas
Se equipa zapatillas
Se equipa zapatillas
Se equipa Bañador
Se equipa Bañador
Se equipa Bañador
Se equipa Bañador
Entrego el algoritmo.
Se equipa zapatillas
Se equipa zapatillas
Se equipa zapatillas
Se equipa zapatillas
Se equipa zapatillas
Estoy en pk=1
PK: pk1f =10 pk1c=7 myPk1f=98 myPk1c=103
Cojo bañador.
Encuentra bañador de flores
Recojo 4 y lo activo a 4
Se equipa Bañador
Se equipa Bañador
Estoy en pk=2
PK: pk2f =7 pk2c=12 myPk2f=95 myPk2c=108
Roto el mapa
Entrego el lingote de oro.
Recojo 9 y lo activo a 9
Se equipa Bañador
Se equipa Bañador
Entrego el algoritmo.
Tengo un obstaculo enfrente
Tengo un obstaculo enfrente
Se equipa Bañador
Tengo un obstaculo enfrente
Recojo 8 y lo activo a 8
Recojo 4 y lo activo a 4
Tengo un obstaculo enfrente
Tengo un obstaculo enfrente
Tengo un obstaculo enfrente
Tengo un obstaculo enfrente
Tengo un obstaculo enfrente
Tengo un obstaculo enfrente
Se equipa Bañador
Se equipa Bañador
Entrego el lingote de oro.
Tengo un obstaculo enfrente
Se equipa Bañador
Entrego el algoritmo.
Se equipa Bañador
Recojo 9 y lo activo a 9
Tengo un obstaculo enfrente
Entrego el algoritmo.
Recojo 9 y lo activo a 9
Tengo un obstaculo enfrente
Tengo un obstaculo enfrente
Se equipa Bañador
Se equipa Bañador
Tengo un obstaculo enfrente
Recojo 8 y lo activo a 8
Tengo un obstaculo enfrente
Encuentra zapatillas ñike corté
Recojo zapatillas
Encuentra zapatillas ñike corté
Se equipa Bañador
Se equipa Bañador
Se equipa Bañador
Se equipa Bañador
Se equipa zapatillas
Se equipa zapatillas
Se equipa zapatillas
Se equipa zapatillas
Se equipa Bañador
Se equipa Bañador
Se equipa Bañador
Se equipa Bañador
Se equipa zapatillas
Se equipa zapatillas
Se equipa zapatillas
Se equipa zapatillas
Se equipa Bañador
Se equipa Bañador
Se equipa Bañador
Se equipa Bañador
Se equipa zapatillas
Se equipa zapatillas
Se equipa zapatillas
Se equipa zapatillas
Se equipa Bañador
Se equipa Bañador
Se equipa Bañador
Se equipa Bañador
Se equipa zapatillas
Se equipa zapatillas
Se equipa zapatillas
Se equipa zapatillas
Se equipa Bañador
Se equipa Bañador
Se equipa Bañador
Se equipa Bañador
Se equipa zapatillas
Se equipa zapatillas
Se equipa zapatillas
Se equipa zapatillas
Entrego el algoritmo.
Entrego el algoritmo.
Se equipa Bañador
Recojo 4 y lo activo a 4
Recojo 8 y lo activo a 8
Entrego el lingote de oro.
Entrego el algoritmo.
Recojo 9 y lo activo a 9
Entrego el algoritmo.
Recojo 5 y lo activo a 5
Entrego el Oscar.
Tengo un obstaculo enfrente
Estoy en pk=1
PK: pk1f =25 pk1c=17 myPk1f=89 myPk1c=120
Tengo un obstaculo enfrente
Estoy en pk=2
PK: pk2f =7 pk2c=12 myPk2f=89 myPk2c=120
Estoy en pk=2
PK: pk2f =7 pk2c=12 myPk2f=89 myPk2c=120
Estoy en pk=2
PK: pk2f =10 pk2c=7 myPk2f=99 myPk2c=105
Roto el mapa

giros=1
Mapa rotado 90º 
Tengo un obstaculo enfrente
Tengo un obstaculo enfrente
Recojo 9 y lo activo a 9
Encuentra zapatillas ñike corté
Recojo zapatillas
Encuentra zapatillas ñike corté
Recojo 8 y lo activo a 8
Se equipa zapatillas
Se equipa zapatillas
Se equipa zapatillas
Se equipa zapatillas
Entrego el algoritmo.
Se equipa zapatillas
Se equipa zapatillas
Se equipa zapatillas
Entrego el algoritmo.
Recojo 4 y lo activo a 4
Encuentra bañador de flores
Cojo bañador.
Encuentra bañador de flores
Se equipa zapatillas
Se equipa zapatillas
Recojo 8 y lo activo a 8
Se equipa zapatillas
Se equipa zapatillas
Se equipa zapatillas
Se equipa zapatillas
Se equipa zapatillas
Se equipa zapatillas
Entrego el algoritmo.
Se equipa Bañador
Se equipa Bañador
Se equipa Bañador
Se equipa zapatillas
Se equipa zapatillas
Se equipa Bañador
Se equipa Bañador
Se equipa Bañador
Se equipa Bañador
Se equipa zapatillas
Se equipa zapatillas
Se equipa Bañador
Se equipa Bañador
Se equipa Bañador
Se equipa Bañador
Se equipa zapatillas
Se equipa zapatillas
Se equipa Bañador
Se equipa Bañador
Se equipa Bañador
Se equipa Bañador
Se equipa zapatillas
Se equipa zapatillas
Recojo 8 y lo activo a 8
Se equipa zapatillas
Se equipa zapatillas
Se equipa zapatillas
Se equipa zapatillas
Se equipa zapatillas
Se equipa zapatillas
Se equipa Bañador
Se equipa Bañador
Se equipa Bañador
Se equipa Bañador
Se equipa Bañador
Se equipa Bañador
Se equipa zapatillas
Se equipa zapatillas
Se equipa Bañador
Se equipa Bañador
Se equipa Bañador
Se equipa Bañador
Se equipa Bañador
Se equipa Bañador
Se equipa zapatillas
Se equipa zapatillas
Se equipa Bañador
Se equipa Bañador
Se equipa Bañador
Se equipa Bañador
Se equipa Bañador
Se equipa Bañador
Se equipa zapatillas
Se equipa zapatillas
Se equipa Bañador
Se equipa Bañador
Se equipa Bañador
Se equipa Bañador
Se equipa Bañador
Se equipa Bañador
Se equipa zapatillas
Se equipa zapatillas
Entrego el lingote de oro.
Entrego el algoritmo.
Se equipa zapatillas
Se equipa zapatillas
Se equipa zapatillas
Se equipa Bañador
Se equipa Bañador
Se equipa zapatillas
Se equipa zapatillas
Se equipa Bañador
Se equipa Bañador
Se equipa zapatillas
Se equipa zapatillas
Se equipa Bañador
Se equipa Bañador
Se equipa zapatillas
Se equipa zapatillas
Se equipa Bañador
Se equipa Bañador
Recojo 8 y lo activo a 8
Entrego el algoritmo.
Recojo zapatillas
Encuentra zapatillas ñike corté
Estoy en pk=1
PK: pk1f =8 pk1c=4 myPk1f=98 myPk1c=98
Estoy en pk=2
PK: pk2f =10 pk2c=7 myPk2f=98 myPk2c=98
Estoy en pk=2
PK: pk2f =10 pk2c=7 myPk2f=95 myPk2c=100
Roto el mapa

giros=1
Mapa rotado 90º 
Recojo 5 y lo activo a 5
Se equipa zapatillas
Se equipa zapatillas
Encuentra bañador de flores
Cojo bañador.
Encuentra bañador de flores
Se equipa zapatillas
Se equipa zapatillas
Se equipa zapatillas
Se equipa zapatillas
Se equipa Bañador
Se equipa Bañador
Se equipa zapatillas
Se equipa zapatillas
Se equipa zapatillas
Se equipa zapatillas
Se equipa Bañador
Se equipa Bañador
Recojo 8 y lo activo a 8
Se equipa Bañador
Se equipa Bañador
Se equipa Bañador
Se equipa Bañador
Se equipa Bañador
Se equipa Bañador
Entrego el Oscar.
Se equipa zapatillas
Se equipa Bañador
Se equipa Bañador
Se equipa zapatillas
Se equipa zapatillas
Se equipa zapatillas
Se equipa zapatillas
Se equipa Bañador
Se equipa Bañador
Se equipa zapatillas
Se equipa zapatillas
Se equipa zapatillas
Se equipa zapatillas
Se equipa Bañador
Se equipa Bañador
Se equipa zapatillas
Se equipa zapatillas
Se equipa zapatillas
Se equipa zapatillas
Se equipa Bañador
Se equipa Bañador
Se equipa zapatillas
Se equipa zapatillas
Se equipa zapatillas
Se equipa zapatillas
Recojo 4 y lo activo a 4
Se equipa zapatillas
Se equipa zapatillas
Se equipa zapatillas
Se equipa zapatillas
Se equipa zapatillas
Se equipa zapatillas
Se equipa Bañador
Se equipa Bañador
Se equipa Bañador
Se equipa Bañador
Se equipa zapatillas
Se equipa zapatillas
Se equipa zapatillas
Se equipa zapatillas
Entrego el lingote de oro.
Entrego el algoritmo.
Tengo un obstaculo enfrente
Se equipa zapatillas
Se equipa Bañador
Se equipa Bañador
Se equipa zapatillas
Se equipa zapatillas
Se equipa Bañador
Se equipa Bañador
Se equipa zapatillas
Se equipa zapatillas
Recojo 8 y lo activo a 8
Se equipa zapatillas
Se equipa zapatillas
Se equipa zapatillas
Se equipa zapatillas
Se equipa Bañador
Se equipa Bañador
Se equipa Bañador
Se equipa Bañador
Recojo 5 y lo activo a 5
Se equipa Bañador
Se equipa Bañador
Se equipa Bañador
Se equipa Bañador
Se equipa Bañador
Se equipa Bañador
Se equipa zapatillas
Se equipa zapatillas
Se equipa zapatillas
Se equipa zapatillas
Se equipa Bañador
Se equipa Bañador
Se equipa Bañador
Se equipa Bañador
Se equipa zapatillas
Se equipa zapatillas
Se equipa zapatillas
Se equipa zapatillas
Entrego el Oscar.
Entrego el algoritmo.
Tengo un obstaculo enfrente
Se equipa zapatillas
Se equipa zapatillas
Se equipa zapatillas
Se equipa Bañador
Se equipa Bañador
Se equipa zapatillas
Se equipa zapatillas
Se equipa Bañador
Se equipa Bañador
Se equipa zapatillas
Se equipa zapatillas

socket creado con exitoerror conectando...
conectado al servidor
Estoy en pk=1
PK: pk1f =25 pk1c=9 myPk1f=100 myPk1c=116
Cojo bañador.
Encuentra bañador de flores
Estoy en pk=1
PK: pk1f =8 pk1c=4 myPk1f=105 myPk1c=99
Estoy en pk=2
PK: pk2f =10 pk2c=7 myPk2f=102 myPk2c=101
Roto el mapa

giros=1
Mapa rotado 90º 
Recojo 8 y lo activo a 8
Se equipa Bañador
Se equipa Bañador
Encuentra zapatillas ñike corté
Recojo zapatillas
Encuentra zapatillas ñike corté
Se equipa Bañador
Se equipa Bañador
Se equipa Bañador
Se equipa Bañador
Se equipa zapatillas
Se equipa zapatillas
Entrego el algoritmo.
Se equipa Bañador
Recojo 8 y lo activo a 8
Se equipa Bañador
Se equipa Bañador
Se equipa Bañador
Se equipa Bañador
Se equipa zapatillas
Se equipa zapatillas
Se equipa zapatillas
Se equipa zapatillas
Se equipa Bañador
Se equipa Bañador
Se equipa zapatillas
Se equipa zapatillas
Se equipa zapatillas
Se equipa zapatillas
Recojo 5 y lo activo a 5
Se equipa zapatillas
Se equipa zapatillas
Se equipa zapatillas
Se equipa zapatillas
Se equipa zapatillas
Se equipa zapatillas
Se equipa Bañador
Se equipa Bañador
Se equipa Bañador
Se equipa Bañador
Se equipa zapatillas
Se equipa zapatillas
Se equipa zapatillas
Se equipa zapatillas
Se equipa Bañador
Se equipa Bañador
Se equipa Bañador
Se equipa Bañador
Se equipa zapatillas
Se equipa zapatillas
Se equipa zapatillas
Se equipa zapatillas
Se equipa Bañador
Se equipa Bañador
Se equipa Bañador
Se equipa Bañador
Se equipa zapatillas
Se equipa zapatillas
Se equipa zapatillas
Se equipa zapatillas
Se equipa Bañador
Se equipa Bañador
Se equipa Bañador
Se equipa Bañador
Se equipa zapatillas
Se equipa zapatillas
Se equipa zapatillas
Se equipa zapatillas
Se equipa Bañador
Se equipa Bañador
Se equipa Bañador
Se equipa Bañador
Se equipa zapatillas
Se equipa zapatillas
Se equipa zapatillas
Se equipa zapatillas
Se equipa Bañador
Se equipa Bañador
Se equipa Bañador
Se equipa Bañador
Se equipa zapatillas
Se equipa zapatillas
Se equipa zapatillas
Se equipa zapatillas
Entrego el Oscar.
Entrego el algoritmo.
Se equipa zapatillas
Se equipa Bañador
Se equipa Bañador
Tengo un obstaculo enfrente
Se equipa zapatillas
Se equipa zapatillas
Se equipa Bañador
Se equipa Bañador
Se equipa zapatillas
Se equipa zapatillas
Se equipa Bañador
Se equipa Bañador
Se equipa zapatillas
Se equipa zapatillas
Se equipa Bañador
Se equipa Bañador
Recojo 8 y lo activo a 8
Se equipa Bañador
Se equipa Bañador
Se equipa Bañador
Se equipa Bañador
Se equipa zapatillas
Se equipa zapatillas
Se equipa zapatillas
Se equipa zapatillas
Recojo 4 y lo activo a 4
Estoy en pk=1
PK: pk1f =10 pk1c=18 myPk1f=99 myPk1c=105
Estoy en pk=2
PK: pk2f =10 pk2c=7 myPk2f=99 myPk2c=105
Tengo un obstaculo enfrente
Tengo un obstaculo enfrente
Recojo 8 y lo activo a 8
Tengo un obstaculo enfrente
Tengo un obstaculo enfrente
Tengo un obstaculo enfrente
Entrego el lingote de oro.
Entrego el algoritmo.
Recojo zapatillas
Encuentra zapatillas ñike corté
Estoy en pk=2
PK: pk2f =8 pk2c=26 myPk2f=97 myPk2c=113
Roto el mapa
Recojo 5 y lo activo a 5
Se equipa zapatillas
Se equipa zapatillas
Entrego el Oscar.
Recojo 4 y lo activo a 4
Recojo 8 y lo activo a 8
Entrego el lingote de oro.
Entrego el algoritmo.
Recojo 8 y lo activo a 8
Tengo un obstaculo enfrente
Tengo un obstaculo enfrente
Recojo 9 y lo activo a 9
Entrego el algoritmo.
Entrego el algoritmo.
Se equipa zapatillas
Recojo 9 y lo activo a 9
Se equipa zapatillas
Se equipa zapatillas
Recojo 5 y lo activo a 5
Se equipa zapatillas
Se equipa zapatillas
Se equipa zapatillas
Se equipa zapatillas
Estoy en pk=1
PK: pk1f =25 pk1c=9 myPk1f=94 myPk1c=104
Recojo 4 y lo activo a 4
Estoy en pk=2
PK: pk2f =10 pk2c=7 myPk2f=96 myPk2c=89
Roto el mapa

giros=1
Mapa rotado 90º 
Encuentra zapatillas ñike corté
Recojo zapatillas
Encuentra zapatillas ñike corté
Recojo 8 y lo activo a 8
Entrego el lingote de oro.
Tengo un obstaculo enfrente
Recojo 5 y lo activo a 5
Tengo un obstaculo enfrente
Entrego el Oscar.
Entrego el algoritmo.
Se equipa zapatillas
Recojo 4 y lo activo a 4
Encuentra bañador de flores
Cojo bañador.
Encuentra bañador de flores
Se equipa zapatillas
Se equipa zapatillas
Se equipa Bañador
Se equipa Bañador
Se equipa Bañador
Se equipa Bañador
Se equipa zapatillas
Se equipa zapatillas
Recojo 8 y lo activo a 8
Entrego el lingote de oro.
Entrego el algoritmo.
Recojo 5 y lo activo a 5
Se equipa zapatillas
Se equipa zapatillas
Se equipa zapatillas
Se equipa zapatillas
Se equipa Bañador
Se equipa Bañador
Se equipa Bañador
Se equipa Bañador
Se equipa zapatillas
Se equipa zapatillas
Se equipa Bañador
Se equipa Bañador
Se equipa Bañador
Se equipa Bañador
Se equipa zapatillas
Se equipa zapatillas
Se equipa Bañador
Se equipa Bañador
Se equipa Bañador
Se equipa Bañador
Se equipa zapatillas
Se equipa zapatillas
Entrego el Oscar.
Se equipa zapatillas
Se equipa zapatillas
Se equipa zapatillas
Se equipa Bañador
Se equipa Bañador
Recojo 4 y lo activo a 4
Se equipa Bañador
Se equipa Bañador
Se equipa Bañador
Se equipa Bañador
Se equipa zapatillas
Se equipa zapatillas
Se equipa zapatillas
Se equipa zapatillas
Se equipa Bañador
Se equipa Bañador
Se equipa zapatillas
Se equipa zapatillas
Se equipa zapatillas
Se equipa zapatillas
Se equipa Bañador
Se equipa Bañador
Recojo 8 y lo activo a 8
Se equipa zapatillas
Se equipa zapatillas
Se equipa zapatillas
Se equipa zapatillas
Se equipa Bañador
Se equipa Bañador
Se equipa zapatillas
Se equipa zapatillas
Se equipa zapatillas
Se equipa zapatillas
Se equipa zapatillas
Se equipa zapatillas
Se equipa Bañador
Se equipa Bañador
Se equipa zapatillas
Se equipa zapatillas
Se equipa zapatillas
Se equipa zapatillas
Se equipa zapatillas
Se equipa zapatillas
Entrego el lingote de oro.
Entrego el algoritmo.
Tengo un obstaculo enfrente
Se equipa zapatillas
Recojo 4 y lo activo a 4
Se equipa zapatillas
Se equipa zapatillas
Se equipa zapatillas
Se equipa zapatillas
Recojo 5 y lo activo a 5
Se equipa zapatillas
Se equipa zapatillas
Se equipa zapatillas
Se equipa zapatillas
Se equipa zapatillas
Se equipa zapatillas
